<?xml version="1.0" encoding="UTF-8"?>
<!-- Generated by org.testng.reporters.JUnitReportReporter -->
<testsuite hostname="DESKTOP-VC14B0M" failures="0" tests="1" name="com.SinnVoll.Activities.VerifyActivitiesTabTest" time="1.508" errors="0" timestamp="2022-05-23T16:43:40 IST" skipped="0">
  <testcase classname="com.SinnVoll.Activities.VerifyActivitiesTabTest" name="verifyActivitiesTab" time="1.508"/>
  <system-out>
    <![CDATA[verifyActivitiesTab method STARTED
Home Page is Dispalyed,PASS
Activities: All Activities 
Activities Text is Displayed
verifyActivitiesTab method PASSED]]>
  </system-out>
</testsuite> <!-- com.SinnVoll.Activities.VerifyActivitiesTabTest -->
