<?xml version="1.0" encoding="UTF-8"?>
<!-- Generated by org.testng.reporters.JUnitReportReporter -->
<testsuite hostname="DESKTOP-VC14B0M" failures="0" tests="1" name="com.SinnVoll.Login.ValidSignInTest" time="0.671" errors="0" timestamp="2022-05-23T16:43:40 IST" skipped="0">
  <testcase classname="com.SinnVoll.Login.ValidSignInTest" name="verifyValidSignIn" time="0.671"/>
  <system-out>
    <![CDATA[verifyValidSignIn method STARTED
Home Page is Dispalyed,PASS
verifyValidSignIn method PASSED]]>
  </system-out>
</testsuite> <!-- com.SinnVoll.Login.ValidSignInTest -->
