<?xml version="1.0" encoding="UTF-8"?>
<!-- Generated by org.testng.reporters.JUnitReportReporter -->
<testsuite hostname="DESKTOP-VC14B0M" failures="0" tests="1" name="com.SinnVoll.PriceBooks.VerifyPriceBooksTabTest" time="0.928" errors="0" timestamp="2022-05-23T16:43:40 IST" skipped="0">
  <testcase classname="com.SinnVoll.PriceBooks.VerifyPriceBooksTabTest" name="verifyPriceBooksTab" time="0.928"/>
  <system-out>
    <![CDATA[verifyPriceBooksTab method STARTED
Home Page is Dispalyed,PASS
Price Books: All Price Books 
PriceBook Text is Displayed
verifyPriceBooksTab method PASSED]]>
  </system-out>
</testsuite> <!-- com.SinnVoll.PriceBooks.VerifyPriceBooksTabTest -->
