<?xml version="1.0" encoding="UTF-8"?>
<!-- Generated by org.testng.reporters.JUnitReportReporter -->
<testsuite hostname="DESKTOP-VC14B0M" failures="0" tests="1" name="com.SinnVoll.Accounts.VerifyAccountsTabTest" time="1.500" errors="0" timestamp="2022-05-23T16:43:40 IST" skipped="0">
  <testcase classname="com.SinnVoll.Accounts.VerifyAccountsTabTest" name="VerifyAccountsModule" time="1.500"/>
  <system-out>
    <![CDATA[VerifyAccountsModule method STARTED
Home Page is Dispalyed,PASS
Accounts: All Accounts 
Accounts Text is Displayed
VerifyAccountsModule method PASSED]]>
  </system-out>
</testsuite> <!-- com.SinnVoll.Accounts.VerifyAccountsTabTest -->
