<?xml version="1.0" encoding="UTF-8"?>
<!-- Generated by org.testng.reporters.JUnitReportReporter -->
<testsuite hostname="DESKTOP-VC14B0M" failures="0" tests="1" name="com.SinnVoll.Leads.VerifyLeadsTest" time="1.134" errors="0" timestamp="2022-05-21T23:39:22 IST" skipped="0">
  <testcase classname="com.SinnVoll.Leads.VerifyLeadsTest" name="VerifyLeadsModule" time="1.134"/>
  <system-out>
    <![CDATA[VerifyLeadsModule method STARTED
Home Page is Dispalyed,PASS
VerifyLeadsModule method PASSED]]>
  </system-out>
</testsuite> <!-- com.SinnVoll.Leads.VerifyLeadsTest -->
