<?xml version="1.0" encoding="UTF-8"?>
<!-- Generated by org.testng.reporters.JUnitReportReporter -->
<testsuite hostname="DESKTOP-VC14B0M" failures="0" tests="1" name="com.SinnVoll.Campaigns.VerifyCampaignsTabTest" time="1.832" errors="0" timestamp="2022-05-23T16:43:40 IST" skipped="0">
  <testcase classname="com.SinnVoll.Campaigns.VerifyCampaignsTabTest" name="verifyPotentialsTab" time="1.832"/>
  <system-out>
    <![CDATA[verifyPotentialsTab method STARTED
Home Page is Dispalyed,PASS
Campaigns: All Campaigns 
Campaigns Text is Displayed
verifyPotentialsTab method PASSED]]>
  </system-out>
</testsuite> <!-- com.SinnVoll.Campaigns.VerifyCampaignsTabTest -->
