<?xml version="1.0" encoding="UTF-8"?>
<!-- Generated by org.testng.reporters.JUnitReportReporter -->
<testsuite hostname="DESKTOP-VC14B0M" failures="0" tests="1" name="com.SinnVoll.Products.VerifyProductsTabTest" time="1.117" errors="0" timestamp="2022-05-23T16:43:40 IST" skipped="0">
  <testcase classname="com.SinnVoll.Products.VerifyProductsTabTest" name="verifyProductsTab" time="1.117"/>
  <system-out>
    <![CDATA[verifyProductsTab method STARTED
Home Page is Dispalyed,PASS
Products: All Products 
Products Text is Displayed
verifyProductsTab method PASSED]]>
  </system-out>
</testsuite> <!-- com.SinnVoll.Products.VerifyProductsTabTest -->
