<?xml version="1.0" encoding="UTF-8"?>
<!-- Generated by org.testng.reporters.JUnitReportReporter -->
<testsuite hostname="DESKTOP-VC14B0M" failures="0" tests="1" name="com.SinnVoll.Reports.VerifyReportsTabTest" time="1.432" errors="0" timestamp="2022-05-23T16:43:40 IST" skipped="0">
  <testcase classname="com.SinnVoll.Reports.VerifyReportsTabTest" name="verifyReportsTab" time="1.432"/>
  <system-out>
    <![CDATA[verifyReportsTab method STARTED
Home Page is Dispalyed,PASS
Reports
Reports Text is Displayed
verifyReportsTab method PASSED]]>
  </system-out>
</testsuite> <!-- com.SinnVoll.Reports.VerifyReportsTabTest -->
