<?xml version="1.0" encoding="UTF-8"?>
<!-- Generated by org.testng.reporters.JUnitReportReporter -->
<testsuite hostname="DESKTOP-VC14B0M" failures="0" tests="1" name="com.SinnVoll.Vendors.VerifyVendorsTabTest" time="1.941" errors="0" timestamp="2022-05-23T16:43:40 IST" skipped="0">
  <testcase classname="com.SinnVoll.Vendors.VerifyVendorsTabTest" name="verifyVendorsTab" time="1.941"/>
  <system-out>
    <![CDATA[verifyVendorsTab method STARTED
Home Page is Dispalyed,PASS
Vendors: All Vendors 
Vendors Text is Displayed
verifyVendorsTab method PASSED]]>
  </system-out>
</testsuite> <!-- com.SinnVoll.Vendors.VerifyVendorsTabTest -->
