<?xml version="1.0" encoding="UTF-8"?>
<!-- Generated by org.testng.reporters.JUnitReportReporter -->
<testsuite hostname="DESKTOP-VC14B0M" failures="0" tests="1" name="com.SinnVoll.Leads.VerifyLeadsTabTest" time="0.926" errors="0" timestamp="2022-05-23T16:43:40 IST" skipped="0">
  <testcase classname="com.SinnVoll.Leads.VerifyLeadsTabTest" name="VerifyLeadsModule" time="0.926"/>
  <system-out>
    <![CDATA[VerifyLeadsModule method STARTED
Home Page is Dispalyed,PASS
Leads: All Open Leads 
VerifyLeadsModule method PASSED]]>
  </system-out>
</testsuite> <!-- com.SinnVoll.Leads.VerifyLeadsTabTest -->
