<?xml version="1.0" encoding="UTF-8"?>
<!-- Generated by org.testng.reporters.JUnitReportReporter -->
<testsuite hostname="DESKTOP-VC14B0M" failures="0" tests="1" name="com.SinnVoll.Dashboards.VerifyDashboardsTabTest" time="1.586" errors="0" timestamp="2022-05-23T16:43:40 IST" skipped="0">
  <testcase classname="com.SinnVoll.Dashboards.VerifyDashboardsTabTest" name="verifyDashboardsTab" time="1.586"/>
  <system-out>
    <![CDATA[verifyDashboardsTab method STARTED
Home Page is Dispalyed,PASS
Dashboards
Dashboards Text is Displayed
verifyDashboardsTab method PASSED]]>
  </system-out>
</testsuite> <!-- com.SinnVoll.Dashboards.VerifyDashboardsTabTest -->
