<?xml version="1.0" encoding="UTF-8"?>
<!-- Generated by org.testng.reporters.JUnitReportReporter -->
<testsuite hostname="DESKTOP-VC14B0M" failures="0" tests="1" name="com.SinnVoll.Solutions.VerifySolutionsTabText" time="0.813" errors="0" timestamp="2022-05-23T16:43:40 IST" skipped="0">
  <testcase classname="com.SinnVoll.Solutions.VerifySolutionsTabText" name="verifySolutionsTab" time="0.813"/>
  <system-out>
    <![CDATA[verifySolutionsTab method STARTED
Home Page is Dispalyed,PASS
Solutions: All Solutions 
Solutions Text is Displayed
verifySolutionsTab method PASSED]]>
  </system-out>
</testsuite> <!-- com.SinnVoll.Solutions.VerifySolutionsTabText -->
