<?xml version="1.0" encoding="UTF-8"?>
<!-- Generated by org.testng.reporters.JUnitReportReporter -->
<testsuite hostname="DESKTOP-VC14B0M" failures="0" tests="1" name="com.SinVoll.Cases.VerifyCasesTabTest" time="1.882" errors="0" timestamp="2022-05-23T16:43:40 IST" skipped="0">
  <testcase classname="com.SinVoll.Cases.VerifyCasesTabTest" name="verifyCasesTab" time="1.882"/>
  <system-out>
    <![CDATA[verifyCasesTab method STARTED
Home Page is Dispalyed,PASS
Cases: All Cases 
Cases Text is Displayed
verifyCasesTab method PASSED]]>
  </system-out>
</testsuite> <!-- com.SinVoll.Cases.VerifyCasesTabTest -->
