<?xml version="1.0" encoding="UTF-8"?>
<!-- Generated by org.testng.reporters.JUnitReportReporter -->
<testsuite hostname="DESKTOP-VC14B0M" failures="0" tests="1" name="com.SinnVoll.Forecasts.VerifyForeCastsTabTest" time="1.552" errors="0" timestamp="2022-05-23T16:43:40 IST" skipped="0">
  <testcase classname="com.SinnVoll.Forecasts.VerifyForeCastsTabTest" name="verifyForecastsTab" time="1.552"/>
  <system-out>
    <![CDATA[verifyForecastsTab method STARTED
Home Page is Dispalyed,PASS
Forecasts: All Forecasts 
Forecasts Text is Displayed
verifyForecastsTab method PASSED]]>
  </system-out>
</testsuite> <!-- com.SinnVoll.Forecasts.VerifyForeCastsTabTest -->
