<?xml version="1.0" encoding="UTF-8"?>
<!-- Generated by org.testng.reporters.JUnitReportReporter -->
<testsuite hostname="DESKTOP-VC14B0M" failures="0" tests="1" name="com.SinVoll.Contacts.VerifyContactsTab" time="1.663" errors="0" timestamp="2022-05-23T16:43:40 IST" skipped="0">
  <testcase classname="com.SinVoll.Contacts.VerifyContactsTab" name="verifyContactsModule" time="1.663"/>
  <system-out>
    <![CDATA[verifyContactsModule method STARTED
Home Page is Dispalyed,PASS
Contacts: All Contacts 
Contact Text is Displayed
verifyContactsModule method PASSED]]>
  </system-out>
</testsuite> <!-- com.SinVoll.Contacts.VerifyContactsTab -->
