<?xml version="1.0" encoding="UTF-8"?>
<!-- Generated by org.testng.reporters.JUnitReportReporter -->
<testsuite hostname="DESKTOP-VC14B0M" failures="0" tests="1" name="com.SinnVoll.Accounts.VerifyAccountsTabTest" time="1.003" errors="0" timestamp="2022-06-01T18:19:22 IST" skipped="0">
  <testcase classname="com.SinnVoll.Accounts.VerifyAccountsTabTest" name="VerifyAccountsModule" time="1.003"/>
  <system-out>
    <![CDATA[VerifyAccountsModule method STARTED
Home Page is Dispalyed,PASS
Accounts: All Accounts 
Accounts Text is Displayed]]>
  </system-out>
</testsuite> <!-- com.SinnVoll.Accounts.VerifyAccountsTabTest -->
