<?xml version="1.0" encoding="UTF-8"?>
<!-- Generated by org.testng.reporters.JUnitReportReporter -->
<testsuite hostname="DESKTOP-VC14B0M" failures="0" tests="1" name="com.SinnVoll.Quotes.VerifyQuotesTabTest" time="1.173" errors="0" timestamp="2022-05-27T01:24:34 IST" skipped="0">
  <testcase classname="com.SinnVoll.Quotes.VerifyQuotesTabTest" name="verifyQuotesTab" time="1.173"/>
  <system-out>
    <![CDATA[verifyQuotesTab method STARTED
Home Page is Dispalyed,PASS
Quotes: All Quotes 
Quotes Text is Displayed
verifyQuotesTab method PASSED]]>
  </system-out>
</testsuite> <!-- com.SinnVoll.Quotes.VerifyQuotesTabTest -->
